<?xml version="1.0" encoding="UTF-8"?>
<!-- Generated by org.testng.reporters.JUnitXMLReporter -->
<testsuite ignored="0" hostname="GAGAN-001" failures="0" tests="4" name="Test" time="4.645" errors="0" timestamp="2023-06-25T13:44:10 EDT">
  <testcase classname="api.test.UserTestsfrompropertiesFile" name="testPostUser" time="2.257"/>
  <testcase classname="api.test.UserTestsfrompropertiesFile" name="testGetuserByName" time="0.309"/>
  <testcase classname="api.test.UserTestsfrompropertiesFile" name="testUpdateUserByName" time="0.61"/>
  <testcase classname="api.test.UserTestsfrompropertiesFile" name="testDeleteUserByName" time="0.323"/>
</testsuite> <!-- Test -->
